<?xml version="1.0" encoding="UTF-8"?>
<!-- Generated by org.testng.reporters.JUnitXMLReporter -->
<testsuite hostname="DESKTOP-6FTF0UD" ignored="0" name="Test" tests="2" failures="1" timestamp="04 Jan 2020 06:42:58 GMT" time="70.813" errors="0">
  <testcase name="loginWithInvalidCredentials" time="0.016" classname="com.demo.test.NinjaStoreLoginTest"/>
  <testcase name="loginWithValidCredentials" time="23.207" classname="com.demo.test.NinjaStoreLoginTest">
    <failure type="java.lang.AssertionError" message="expected [true] but found [false]">
      <![CDATA[java.lang.AssertionError: expected [true] but found [false]
at com.demo.actions.NinjaStoreLoginAction.amzonlogin(NinjaStoreLoginAction.java:50)
at com.demo.test.NinjaStoreLoginTest.loginWithValidCredentials(NinjaStoreLoginTest.java:15)
... Removed 29 stack frames]]>
    </failure>
  </testcase> <!-- loginWithValidCredentials -->
</testsuite> <!-- Test -->
